Transacionadas 10 ações de CTT por 7.00
Transacionadas 33 ações de SEMAPA por 4.00
Transacionadas 33 ações de PHAROL por 2.00
Transacionadas 1 ações de EDP por 4.00
Transacionadas 10 ações de GALP por 2.00
Transacionadas 24 ações de PHAROL por 3.00
Transacionadas 31 ações de PHAROL por 2.00
Transacionadas 27 ações de BPI por 9.00
Transacionadas 8 ações de SEMAPA por 7.00
Transacionadas 3 ações de BPI por 8.00
Transacionadas 11 ações de GALP por 1.00
Transacionadas 41 ações de BCP por 8.00
Transacionadas 24 ações de PHAROL por 9.00
Transacionadas 26 ações de PHAROL por 9.00
Transacionadas 35 ações de CTT por 7.00
Transacionadas 37 ações de PHAROL por 9.00
Transacionadas 8 ações de SEMAPA por 2.00
Transacionadas 25 ações de SEMAPA por 7.00
Transacionadas 7 ações de PHAROL por 5.00
Transacionadas 61 ações de BPI por 7.00
Transacionadas 85 ações de BCP por 6.00
Transacionadas 5 ações de BCP por 9.00
Transacionadas 43 ações de CTT por 3.00
