3c319224-49fb-413f-b80f-0c0b25ec7e35 BPI 0.00 68 2016-12-02 21:20:24.880736413 
2b26dbd7-efea-4071-ad8a-a44a52980ebe REN 4.00 51 2016-12-02 21:20:24.887153867 
2e2a4c23-a103-4749-80a2-c56518ef327e EDP -3.00 38 2016-12-02 21:20:34.881039603 
833a6fa2-2cc8-40f7-8ba4-8ea37426c581 PHAROL 2.00 33 2016-12-02 21:20:34.887393643 
51aefe4d-1574-4ef5-921d-66b7629406b7 REN 9.00 4 2016-12-02 21:20:44.881316531 
1d5914f6-54a7-4e7e-95f3-4340a4413535 EDP -8.00 50 2016-12-02 21:20:44.887639627 
e1bebe0e-04aa-423a-9d1d-2dda5144d55f REN 7.00 48 2016-12-02 21:20:54.881588073 
2c67b8f4-0a7a-4895-82e8-58df84e25f5f EDP -5.00 96 2016-12-02 21:20:54.887910542 
38dde965-10c4-4800-aa84-9b948a7d9a88 CTT 8.00 63 2016-12-02 21:21:04.881810567 
a89cfdea-ef05-41c1-9668-08078662844c EDP 7.00 73 2016-12-02 21:21:04.888188172 
b4ee76a8-e71e-45bf-94c4-70f824907d54 BPI -5.00 29 2016-12-02 21:21:14.882051423 
95a4e46f-5591-4b3b-b54c-91e5c2d91bf0 REN 7.00 43 2016-12-02 21:21:14.888471604 
72ef6130-8897-4a79-aa83-db62adffa9f2 ALTRI -5.00 95 2016-12-02 21:21:24.882334967 
04fa3ef8-f84c-4bb0-8804-5d3accc7368c ALTRI -9.00 40 2016-12-02 21:21:24.888671952 
2f675370-c44f-4b31-8429-dd1ea9a8eba7 PHAROL 7.00 23 2016-12-02 21:21:34.882626353 
05f11a5d-3566-44ed-8d3e-34557422f17d PHAROL 8.00 25 2016-12-02 21:21:34.888952633 
6a5fb035-e97f-41b1-adc7-d7d781c4f505 ALTRI 0.00 46 2016-12-02 21:21:44.882838684 
d0d528b8-0d71-459a-a53b-9ba7acc1cf60 REN -1.00 40 2016-12-02 21:21:44.889246586 
97c5d4af-7601-44b0-b202-dffda863d83d BCP 9.00 10 2016-12-02 21:21:54.883118387 
901672f5-5683-4f3c-a932-325e6bd13753 ALTRI -2.00 65 2016-12-02 21:21:54.889485821 
ce6a70d8-25cb-4e05-8029-52d140d5479b CTT -3.00 21 2016-12-02 21:22:04.883411288 
46887023-4d4b-451a-bc1e-ea279c6a269e BPI -9.00 81 2016-12-02 21:22:04.889669201 
f6e1cf4f-0ac8-44eb-a9ce-31a9b7ab8a10 CTT -3.00 27 2016-12-02 21:22:14.883704267 
64cbe6f0-8516-40ca-8dbf-fed224262f77 ALTRI -7.00 40 2016-12-02 21:22:14.889900420 
66c82789-aab3-45a7-bee5-e55332026ad0 SEMAPA 1.00 65 2016-12-02 21:22:24.883995307 
1df5c61d-19bc-4498-b45d-e48208f90933 PHAROL -7.00 36 2016-12-02 21:22:24.890174311 
7dfc2b26-83e1-49db-9560-2d9beedc90a3 SEMAPA -9.00 52 2016-12-02 21:22:34.884293212 
d3ce3ef9-e170-4c83-95b9-9f8f17236373 NOS -2.00 29 2016-12-02 21:22:34.890460104 
7cb07653-2d8b-45f3-9a7a-adfc6f3c911d EDP 10.00 55 2016-12-02 21:22:44.884578323 
6fb467ff-c1c2-473e-b27a-45ee1be01ab4 GALP -6.00 24 2016-12-02 21:22:44.890708859 
42f734f0-b1ff-42e7-8ecc-b4c86c1708f3 GALP 3.00 55 2016-12-02 21:22:54.884864900 
4c059ed9-39e5-468e-be38-95b5532af68c GALP 0.00 7 2016-12-02 21:22:54.890971970 
78a5b559-ba72-462d-ab57-684e21858f14 REN 9.00 46 2016-12-02 21:23:04.885179173 
f7d93281-64cd-4e1d-9301-73ea46f55c87 BCP 0.00 98 2016-12-02 21:23:04.891209663 
8e88dcf3-9a57-44f2-8ef9-f009616b452b SEMAPA -9.00 34 2016-12-02 21:23:14.885383232 
2672d219-f8c6-45eb-91de-7171e57bf99c GALP 6.00 78 2016-12-02 21:23:14.891461670 
846803da-c9da-4200-bafe-880e4d3aa3b1 CTT -5.00 24 2016-12-02 21:23:24.885576800 
e6efa859-9ab2-49bd-8deb-b6e2e0422cb5 GALP -7.00 88 2016-12-02 21:23:24.891720496 
0e04382e-4584-4944-af16-d4bc17fef463 BCP -4.00 51 2016-12-02 21:23:34.885859888 
e2e428f9-8ab6-4eed-bdf0-adb4b0a2a1ab GALP 10.00 60 2016-12-02 21:23:34.891992423 
6a5fb035-e97f-41b1-adc7-d7d781c4f505 BPI 0.00 68 2016-12-04 18:39:24.885088611 
833a6fa2-2cc8-40f7-8ba4-8ea37426c581 EDP -3.00 38 2016-12-04 18:39:26.886178021 
833a6fa2-2cc8-40f7-8ba4-8ea37426c581 REN 9.00 4 2016-12-04 18:39:28.886521295 
95a4e46f-5591-4b3b-b54c-91e5c2d91bf0 REN 7.00 48 2016-12-04 18:39:30.886836937 
38dde965-10c4-4800-aa84-9b948a7d9a88 CTT 8.00 63 2016-12-04 18:39:32.887141305 
95a4e46f-5591-4b3b-b54c-91e5c2d91bf0 BPI -5.00 29 2016-12-04 18:39:34.887387919 
72ef6130-8897-4a79-aa83-db62adffa9f2 ALTRI -5.00 95 2016-12-04 18:39:36.887737521 
2e2a4c23-a103-4749-80a2-c56518ef327e PHAROL 7.00 23 2016-12-04 18:39:38.888051936 
2c67b8f4-0a7a-4895-82e8-58df84e25f5f ALTRI 0.00 46 2016-12-04 18:39:40.888396986 
2b26dbd7-efea-4071-ad8a-a44a52980ebe BCP 9.00 10 2016-12-04 18:39:42.888739484 
a89cfdea-ef05-41c1-9668-08078662844c CTT -3.00 21 2016-12-04 18:39:44.889095174 
2b26dbd7-efea-4071-ad8a-a44a52980ebe CTT -3.00 27 2016-12-04 18:39:46.889471671 
95a4e46f-5591-4b3b-b54c-91e5c2d91bf0 SEMAPA 1.00 65 2016-12-04 18:39:48.889799389 
2b26dbd7-efea-4071-ad8a-a44a52980ebe SEMAPA -9.00 52 2016-12-04 18:39:50.890099807 
95a4e46f-5591-4b3b-b54c-91e5c2d91bf0 EDP 10.00 55 2016-12-04 18:39:52.890417702 
2c67b8f4-0a7a-4895-82e8-58df84e25f5f GALP 3.00 55 2016-12-04 18:39:54.890701844 
97c5d4af-7601-44b0-b202-dffda863d83d REN 9.00 46 2016-12-04 18:39:56.891048732 
1d5914f6-54a7-4e7e-95f3-4340a4413535 SEMAPA -9.00 34 2016-12-04 18:39:58.891396669 
a89cfdea-ef05-41c1-9668-08078662844c CTT -5.00 24 2016-12-04 18:40:00.891768311 
95a4e46f-5591-4b3b-b54c-91e5c2d91bf0 BCP -4.00 51 2016-12-04 18:40:02.892119001 
6a5fb035-e97f-41b1-adc7-d7d781c4f505 EDP 3.00 65 2016-12-04 18:40:04.892478672 
38dde965-10c4-4800-aa84-9b948a7d9a88 BPI 10.00 58 2016-12-04 18:40:06.892824822 
04fa3ef8-f84c-4bb0-8804-5d3accc7368c BCP -4.00 72 2016-12-04 18:40:08.893263757 
2c67b8f4-0a7a-4895-82e8-58df84e25f5f BPI -6.00 19 2016-12-04 18:40:10.893593159 
04fa3ef8-f84c-4bb0-8804-5d3accc7368c ALTRI -7.00 94 2016-12-04 18:40:12.893918119 
e1bebe0e-04aa-423a-9d1d-2dda5144d55f NOS -6.00 42 2016-12-04 18:40:14.894214156 
2c67b8f4-0a7a-4895-82e8-58df84e25f5f ALTRI -1.00 54 2016-12-04 18:40:16.894550581 
1d5914f6-54a7-4e7e-95f3-4340a4413535 SEMAPA 0.00 48 2016-12-04 18:40:18.894887793 
2b26dbd7-efea-4071-ad8a-a44a52980ebe CTT 10.00 27 2016-12-04 18:40:20.895149512 
e1bebe0e-04aa-423a-9d1d-2dda5144d55f NOS -3.00 78 2016-12-04 18:40:22.895479950 
